2023-05-18 00:05:29 INFO  HomePage :72 - Enter job title [[ChromeDriver: chrome on WINDOWS (cebeec7733aa47cf622378e953c31b29)] -> id: keywords]
2023-05-18 00:05:353 INFO  HomePage :77 - Enter location [[ChromeDriver: chrome on WINDOWS (cebeec7733aa47cf622378e953c31b29)] -> id: location]
2023-05-18 00:05:720 INFO  HomePage :83 - Select distance [[ChromeDriver: chrome on WINDOWS (cebeec7733aa47cf622378e953c31b29)] -> xpath: //select[@id='distance']]
2023-05-18 00:05:940 INFO  HomePage :88 - Click on link[[ChromeDriver: chrome on WINDOWS (cebeec7733aa47cf622378e953c31b29)] -> xpath: //button[@id='toggle-hp-search']]
2023-05-18 00:05:470 INFO  HomePage :93 - Enter minimum salary[[ChromeDriver: chrome on WINDOWS (cebeec7733aa47cf622378e953c31b29)] -> xpath: //input[@id='salarymin']]
2023-05-18 00:05:741 INFO  HomePage :99 - Enter maximum salary[[ChromeDriver: chrome on WINDOWS (cebeec7733aa47cf622378e953c31b29)] -> xpath: //input[@id='salarymax']]
2023-05-18 00:05:15 INFO  HomePage :105 - Select salary type[[ChromeDriver: chrome on WINDOWS (cebeec7733aa47cf622378e953c31b29)] -> xpath: //select[@id='salarytype']]
2023-05-18 00:05:522 INFO  HomePage :111 - Select job type[[ChromeDriver: chrome on WINDOWS (cebeec7733aa47cf622378e953c31b29)] -> xpath: //select[@class='hp-jobtype form__select']]
2023-05-18 00:05:808 INFO  HomePage :116 - Click on Find job btn[[ChromeDriver: chrome on WINDOWS (cebeec7733aa47cf622378e953c31b29)] -> xpath: //input[@id='hp-search-btn']]
2023-05-18 00:05:721 INFO  HomePage :72 - Enter job title [[ChromeDriver: chrome on WINDOWS (109003b0d9dc6513c147ab23bb6ba33a)] -> id: keywords]
2023-05-18 00:05:87 INFO  HomePage :77 - Enter location [[ChromeDriver: chrome on WINDOWS (109003b0d9dc6513c147ab23bb6ba33a)] -> id: location]
2023-05-18 00:05:460 INFO  HomePage :83 - Select distance [[ChromeDriver: chrome on WINDOWS (109003b0d9dc6513c147ab23bb6ba33a)] -> xpath: //select[@id='distance']]
2023-05-18 00:05:778 INFO  HomePage :88 - Click on link[[ChromeDriver: chrome on WINDOWS (109003b0d9dc6513c147ab23bb6ba33a)] -> xpath: //button[@id='toggle-hp-search']]
2023-05-18 00:05:595 INFO  HomePage :93 - Enter minimum salary[[ChromeDriver: chrome on WINDOWS (109003b0d9dc6513c147ab23bb6ba33a)] -> xpath: //input[@id='salarymin']]
2023-05-18 00:05:882 INFO  HomePage :99 - Enter maximum salary[[ChromeDriver: chrome on WINDOWS (109003b0d9dc6513c147ab23bb6ba33a)] -> xpath: //input[@id='salarymax']]
2023-05-18 00:05:175 INFO  HomePage :105 - Select salary type[[ChromeDriver: chrome on WINDOWS (109003b0d9dc6513c147ab23bb6ba33a)] -> xpath: //select[@id='salarytype']]
2023-05-18 00:05:506 INFO  HomePage :111 - Select job type[[ChromeDriver: chrome on WINDOWS (109003b0d9dc6513c147ab23bb6ba33a)] -> xpath: //select[@class='hp-jobtype form__select']]
2023-05-18 00:05:844 INFO  HomePage :116 - Click on Find job btn[[ChromeDriver: chrome on WINDOWS (109003b0d9dc6513c147ab23bb6ba33a)] -> xpath: //input[@id='hp-search-btn']]
2023-05-18 00:05:447 INFO  HomePage :72 - Enter job title [[ChromeDriver: chrome on WINDOWS (2687b5b3cd37d2296a86b6079a4e6a98)] -> id: keywords]
2023-05-18 00:05:787 INFO  HomePage :77 - Enter location [[ChromeDriver: chrome on WINDOWS (2687b5b3cd37d2296a86b6079a4e6a98)] -> id: location]
2023-05-18 00:05:99 INFO  HomePage :83 - Select distance [[ChromeDriver: chrome on WINDOWS (2687b5b3cd37d2296a86b6079a4e6a98)] -> xpath: //select[@id='distance']]
2023-05-18 00:05:336 INFO  HomePage :88 - Click on link[[ChromeDriver: chrome on WINDOWS (2687b5b3cd37d2296a86b6079a4e6a98)] -> xpath: //button[@id='toggle-hp-search']]
2023-05-18 00:05:716 INFO  HomePage :93 - Enter minimum salary[[ChromeDriver: chrome on WINDOWS (2687b5b3cd37d2296a86b6079a4e6a98)] -> xpath: //input[@id='salarymin']]
2023-05-18 00:05:938 INFO  HomePage :99 - Enter maximum salary[[ChromeDriver: chrome on WINDOWS (2687b5b3cd37d2296a86b6079a4e6a98)] -> xpath: //input[@id='salarymax']]
2023-05-18 00:05:159 INFO  HomePage :105 - Select salary type[[ChromeDriver: chrome on WINDOWS (2687b5b3cd37d2296a86b6079a4e6a98)] -> xpath: //select[@id='salarytype']]
2023-05-18 00:05:393 INFO  HomePage :111 - Select job type[[ChromeDriver: chrome on WINDOWS (2687b5b3cd37d2296a86b6079a4e6a98)] -> xpath: //select[@class='hp-jobtype form__select']]
2023-05-18 00:05:731 INFO  HomePage :116 - Click on Find job btn[[ChromeDriver: chrome on WINDOWS (2687b5b3cd37d2296a86b6079a4e6a98)] -> xpath: //input[@id='hp-search-btn']]
2023-05-18 00:05:992 INFO  HomePage :72 - Enter job title [[ChromeDriver: chrome on WINDOWS (75bab5cd828088f4daf43e10e0d3b84e)] -> id: keywords]
2023-05-18 00:05:403 INFO  HomePage :77 - Enter location [[ChromeDriver: chrome on WINDOWS (75bab5cd828088f4daf43e10e0d3b84e)] -> id: location]
2023-05-18 00:05:850 INFO  HomePage :83 - Select distance [[ChromeDriver: chrome on WINDOWS (75bab5cd828088f4daf43e10e0d3b84e)] -> xpath: //select[@id='distance']]
2023-05-18 00:05:214 INFO  HomePage :88 - Click on link[[ChromeDriver: chrome on WINDOWS (75bab5cd828088f4daf43e10e0d3b84e)] -> xpath: //button[@id='toggle-hp-search']]
2023-05-18 00:05:904 INFO  HomePage :93 - Enter minimum salary[[ChromeDriver: chrome on WINDOWS (75bab5cd828088f4daf43e10e0d3b84e)] -> xpath: //input[@id='salarymin']]
2023-05-18 00:05:211 INFO  HomePage :99 - Enter maximum salary[[ChromeDriver: chrome on WINDOWS (75bab5cd828088f4daf43e10e0d3b84e)] -> xpath: //input[@id='salarymax']]
2023-05-18 00:05:528 INFO  HomePage :105 - Select salary type[[ChromeDriver: chrome on WINDOWS (75bab5cd828088f4daf43e10e0d3b84e)] -> xpath: //select[@id='salarytype']]
2023-05-18 00:05:840 INFO  HomePage :111 - Select job type[[ChromeDriver: chrome on WINDOWS (75bab5cd828088f4daf43e10e0d3b84e)] -> xpath: //select[@class='hp-jobtype form__select']]
2023-05-18 00:05:309 INFO  HomePage :116 - Click on Find job btn[[ChromeDriver: chrome on WINDOWS (75bab5cd828088f4daf43e10e0d3b84e)] -> xpath: //input[@id='hp-search-btn']]
2023-05-18 00:05:497 INFO  HomePage :72 - Enter job title [[ChromeDriver: chrome on WINDOWS (e2f7e4b71dd46d79f6e2ed01f6af899a)] -> id: keywords]
2023-05-18 00:05:749 INFO  HomePage :77 - Enter location [[ChromeDriver: chrome on WINDOWS (e2f7e4b71dd46d79f6e2ed01f6af899a)] -> id: location]
2023-05-18 00:05:928 INFO  HomePage :83 - Select distance [[ChromeDriver: chrome on WINDOWS (e2f7e4b71dd46d79f6e2ed01f6af899a)] -> xpath: //select[@id='distance']]
2023-05-18 00:05:164 INFO  HomePage :88 - Click on link[[ChromeDriver: chrome on WINDOWS (e2f7e4b71dd46d79f6e2ed01f6af899a)] -> xpath: //button[@id='toggle-hp-search']]
2023-05-18 00:05:615 INFO  HomePage :93 - Enter minimum salary[[ChromeDriver: chrome on WINDOWS (e2f7e4b71dd46d79f6e2ed01f6af899a)] -> xpath: //input[@id='salarymin']]
2023-05-18 00:05:835 INFO  HomePage :99 - Enter maximum salary[[ChromeDriver: chrome on WINDOWS (e2f7e4b71dd46d79f6e2ed01f6af899a)] -> xpath: //input[@id='salarymax']]
2023-05-18 00:05:127 INFO  HomePage :105 - Select salary type[[ChromeDriver: chrome on WINDOWS (e2f7e4b71dd46d79f6e2ed01f6af899a)] -> xpath: //select[@id='salarytype']]
2023-05-18 00:05:376 INFO  HomePage :111 - Select job type[[ChromeDriver: chrome on WINDOWS (e2f7e4b71dd46d79f6e2ed01f6af899a)] -> xpath: //select[@class='hp-jobtype form__select']]
2023-05-18 00:05:634 INFO  HomePage :116 - Click on Find job btn[[ChromeDriver: chrome on WINDOWS (e2f7e4b71dd46d79f6e2ed01f6af899a)] -> xpath: //input[@id='hp-search-btn']]
2023-05-18 00:05:647 INFO  HomePage :72 - Enter job title [[ChromeDriver: chrome on WINDOWS (18cb57e07b01f986586b9a33abac220e)] -> id: keywords]
2023-05-18 00:05:157 INFO  HomePage :77 - Enter location [[ChromeDriver: chrome on WINDOWS (18cb57e07b01f986586b9a33abac220e)] -> id: location]
2023-05-18 00:05:609 INFO  HomePage :83 - Select distance [[ChromeDriver: chrome on WINDOWS (18cb57e07b01f986586b9a33abac220e)] -> xpath: //select[@id='distance']]
2023-05-18 00:05:955 INFO  HomePage :88 - Click on link[[ChromeDriver: chrome on WINDOWS (18cb57e07b01f986586b9a33abac220e)] -> xpath: //button[@id='toggle-hp-search']]
2023-05-18 00:05:642 INFO  HomePage :93 - Enter minimum salary[[ChromeDriver: chrome on WINDOWS (18cb57e07b01f986586b9a33abac220e)] -> xpath: //input[@id='salarymin']]
2023-05-18 00:05:894 INFO  HomePage :99 - Enter maximum salary[[ChromeDriver: chrome on WINDOWS (18cb57e07b01f986586b9a33abac220e)] -> xpath: //input[@id='salarymax']]
2023-05-18 00:05:170 INFO  HomePage :105 - Select salary type[[ChromeDriver: chrome on WINDOWS (18cb57e07b01f986586b9a33abac220e)] -> xpath: //select[@id='salarytype']]
2023-05-18 00:05:419 INFO  HomePage :111 - Select job type[[ChromeDriver: chrome on WINDOWS (18cb57e07b01f986586b9a33abac220e)] -> xpath: //select[@class='hp-jobtype form__select']]
2023-05-18 00:05:963 INFO  HomePage :116 - Click on Find job btn[[ChromeDriver: chrome on WINDOWS (18cb57e07b01f986586b9a33abac220e)] -> xpath: //input[@id='hp-search-btn']]
2023-05-18 01:05:591 INFO  HomePage :72 - Enter job title [[ChromeDriver: chrome on WINDOWS (1cf2e60b9de2ac4d100bf4c9331996f8)] -> id: keywords]
2023-05-18 01:05:91 INFO  HomePage :77 - Enter location [[ChromeDriver: chrome on WINDOWS (1cf2e60b9de2ac4d100bf4c9331996f8)] -> id: location]
2023-05-18 01:05:524 INFO  HomePage :83 - Select distance [[ChromeDriver: chrome on WINDOWS (1cf2e60b9de2ac4d100bf4c9331996f8)] -> xpath: //select[@id='distance']]
2023-05-18 01:05:799 INFO  HomePage :88 - Click on link[[ChromeDriver: chrome on WINDOWS (1cf2e60b9de2ac4d100bf4c9331996f8)] -> xpath: //button[@id='toggle-hp-search']]
2023-05-18 01:05:507 INFO  HomePage :93 - Enter minimum salary[[ChromeDriver: chrome on WINDOWS (1cf2e60b9de2ac4d100bf4c9331996f8)] -> xpath: //input[@id='salarymin']]
2023-05-18 01:05:773 INFO  HomePage :99 - Enter maximum salary[[ChromeDriver: chrome on WINDOWS (1cf2e60b9de2ac4d100bf4c9331996f8)] -> xpath: //input[@id='salarymax']]
2023-05-18 01:05:42 INFO  HomePage :105 - Select salary type[[ChromeDriver: chrome on WINDOWS (1cf2e60b9de2ac4d100bf4c9331996f8)] -> xpath: //select[@id='salarytype']]
2023-05-18 01:05:480 INFO  HomePage :111 - Select job type[[ChromeDriver: chrome on WINDOWS (1cf2e60b9de2ac4d100bf4c9331996f8)] -> xpath: //select[@class='hp-jobtype form__select']]
2023-05-18 01:05:790 INFO  HomePage :116 - Click on Find job btn[[ChromeDriver: chrome on WINDOWS (1cf2e60b9de2ac4d100bf4c9331996f8)] -> xpath: //input[@id='hp-search-btn']]
2023-05-18 01:05:535 INFO  HomePage :72 - Enter job title [[ChromeDriver: chrome on WINDOWS (e0bbaeb9838884cace8968861e026e78)] -> id: keywords]
2023-05-18 01:05:845 INFO  HomePage :77 - Enter location [[ChromeDriver: chrome on WINDOWS (e0bbaeb9838884cace8968861e026e78)] -> id: location]
2023-05-18 01:05:125 INFO  HomePage :83 - Select distance [[ChromeDriver: chrome on WINDOWS (e0bbaeb9838884cace8968861e026e78)] -> xpath: //select[@id='distance']]
2023-05-18 01:05:448 INFO  HomePage :88 - Click on link[[ChromeDriver: chrome on WINDOWS (e0bbaeb9838884cace8968861e026e78)] -> xpath: //button[@id='toggle-hp-search']]
2023-05-18 01:05:121 INFO  HomePage :93 - Enter minimum salary[[ChromeDriver: chrome on WINDOWS (e0bbaeb9838884cace8968861e026e78)] -> xpath: //input[@id='salarymin']]
2023-05-18 01:05:385 INFO  HomePage :99 - Enter maximum salary[[ChromeDriver: chrome on WINDOWS (e0bbaeb9838884cace8968861e026e78)] -> xpath: //input[@id='salarymax']]
2023-05-18 01:05:682 INFO  HomePage :105 - Select salary type[[ChromeDriver: chrome on WINDOWS (e0bbaeb9838884cace8968861e026e78)] -> xpath: //select[@id='salarytype']]
2023-05-18 01:05:938 INFO  HomePage :111 - Select job type[[ChromeDriver: chrome on WINDOWS (e0bbaeb9838884cace8968861e026e78)] -> xpath: //select[@class='hp-jobtype form__select']]
2023-05-18 01:05:234 INFO  HomePage :116 - Click on Find job btn[[ChromeDriver: chrome on WINDOWS (e0bbaeb9838884cace8968861e026e78)] -> xpath: //input[@id='hp-search-btn']]
2023-05-18 01:05:645 INFO  HomePage :72 - Enter job title [[ChromeDriver: chrome on WINDOWS (c77bc70164b6e20e9117249e75761c1e)] -> id: keywords]
2023-05-18 01:05:939 INFO  HomePage :77 - Enter location [[ChromeDriver: chrome on WINDOWS (c77bc70164b6e20e9117249e75761c1e)] -> id: location]
2023-05-18 01:05:300 INFO  HomePage :83 - Select distance [[ChromeDriver: chrome on WINDOWS (c77bc70164b6e20e9117249e75761c1e)] -> xpath: //select[@id='distance']]
2023-05-18 01:05:523 INFO  HomePage :88 - Click on link[[ChromeDriver: chrome on WINDOWS (c77bc70164b6e20e9117249e75761c1e)] -> xpath: //button[@id='toggle-hp-search']]
2023-05-18 01:05:946 INFO  HomePage :93 - Enter minimum salary[[ChromeDriver: chrome on WINDOWS (c77bc70164b6e20e9117249e75761c1e)] -> xpath: //input[@id='salarymin']]
2023-05-18 01:05:153 INFO  HomePage :99 - Enter maximum salary[[ChromeDriver: chrome on WINDOWS (c77bc70164b6e20e9117249e75761c1e)] -> xpath: //input[@id='salarymax']]
2023-05-18 01:05:420 INFO  HomePage :105 - Select salary type[[ChromeDriver: chrome on WINDOWS (c77bc70164b6e20e9117249e75761c1e)] -> xpath: //select[@id='salarytype']]
2023-05-18 01:05:626 INFO  HomePage :111 - Select job type[[ChromeDriver: chrome on WINDOWS (c77bc70164b6e20e9117249e75761c1e)] -> xpath: //select[@class='hp-jobtype form__select']]
2023-05-18 01:05:984 INFO  HomePage :116 - Click on Find job btn[[ChromeDriver: chrome on WINDOWS (c77bc70164b6e20e9117249e75761c1e)] -> xpath: //input[@id='hp-search-btn']]
2023-05-18 01:05:127 INFO  HomePage :72 - Enter job title [[ChromeDriver: chrome on WINDOWS (f433a51c71e75dc7ace907201479d220)] -> id: keywords]
2023-05-18 01:05:669 INFO  HomePage :77 - Enter location [[ChromeDriver: chrome on WINDOWS (f433a51c71e75dc7ace907201479d220)] -> id: location]
2023-05-18 01:05:421 INFO  HomePage :83 - Select distance [[ChromeDriver: chrome on WINDOWS (f433a51c71e75dc7ace907201479d220)] -> xpath: //select[@id='distance']]
2023-05-18 01:05:990 INFO  HomePage :88 - Click on link[[ChromeDriver: chrome on WINDOWS (f433a51c71e75dc7ace907201479d220)] -> xpath: //button[@id='toggle-hp-search']]
2023-05-18 01:05:617 INFO  HomePage :93 - Enter minimum salary[[ChromeDriver: chrome on WINDOWS (f433a51c71e75dc7ace907201479d220)] -> xpath: //input[@id='salarymin']]
2023-05-18 01:05:836 INFO  HomePage :99 - Enter maximum salary[[ChromeDriver: chrome on WINDOWS (f433a51c71e75dc7ace907201479d220)] -> xpath: //input[@id='salarymax']]
2023-05-18 01:05:31 INFO  HomePage :105 - Select salary type[[ChromeDriver: chrome on WINDOWS (f433a51c71e75dc7ace907201479d220)] -> xpath: //select[@id='salarytype']]
2023-05-18 01:05:282 INFO  HomePage :111 - Select job type[[ChromeDriver: chrome on WINDOWS (f433a51c71e75dc7ace907201479d220)] -> xpath: //select[@class='hp-jobtype form__select']]
2023-05-18 01:05:572 INFO  HomePage :116 - Click on Find job btn[[ChromeDriver: chrome on WINDOWS (f433a51c71e75dc7ace907201479d220)] -> xpath: //input[@id='hp-search-btn']]
2023-05-18 01:05:756 INFO  HomePage :72 - Enter job title [[ChromeDriver: chrome on WINDOWS (7a40cf95c55db9ab88d7341f7e02ce83)] -> id: keywords]
2023-05-18 01:05:547 INFO  HomePage :77 - Enter location [[ChromeDriver: chrome on WINDOWS (7a40cf95c55db9ab88d7341f7e02ce83)] -> id: location]
2023-05-18 01:05:885 INFO  HomePage :83 - Select distance [[ChromeDriver: chrome on WINDOWS (7a40cf95c55db9ab88d7341f7e02ce83)] -> xpath: //select[@id='distance']]
2023-05-18 01:05:229 INFO  HomePage :88 - Click on link[[ChromeDriver: chrome on WINDOWS (7a40cf95c55db9ab88d7341f7e02ce83)] -> xpath: //button[@id='toggle-hp-search']]
2023-05-18 01:05:153 INFO  HomePage :93 - Enter minimum salary[[ChromeDriver: chrome on WINDOWS (7a40cf95c55db9ab88d7341f7e02ce83)] -> xpath: //input[@id='salarymin']]
2023-05-18 01:05:432 INFO  HomePage :99 - Enter maximum salary[[ChromeDriver: chrome on WINDOWS (7a40cf95c55db9ab88d7341f7e02ce83)] -> xpath: //input[@id='salarymax']]
2023-05-18 01:05:84 INFO  HomePage :105 - Select salary type[[ChromeDriver: chrome on WINDOWS (7a40cf95c55db9ab88d7341f7e02ce83)] -> xpath: //select[@id='salarytype']]
2023-05-18 01:05:362 INFO  HomePage :111 - Select job type[[ChromeDriver: chrome on WINDOWS (7a40cf95c55db9ab88d7341f7e02ce83)] -> xpath: //select[@class='hp-jobtype form__select']]
2023-05-18 01:05:633 INFO  HomePage :116 - Click on Find job btn[[ChromeDriver: chrome on WINDOWS (7a40cf95c55db9ab88d7341f7e02ce83)] -> xpath: //input[@id='hp-search-btn']]
2023-05-18 01:05:314 INFO  HomePage :72 - Enter job title [[ChromeDriver: chrome on WINDOWS (b300eba70be815fb11e7bab6d46756c9)] -> id: keywords]
2023-05-18 01:05:883 INFO  HomePage :77 - Enter location [[ChromeDriver: chrome on WINDOWS (b300eba70be815fb11e7bab6d46756c9)] -> id: location]
2023-05-18 01:05:243 INFO  HomePage :83 - Select distance [[ChromeDriver: chrome on WINDOWS (b300eba70be815fb11e7bab6d46756c9)] -> xpath: //select[@id='distance']]
2023-05-18 01:05:524 INFO  HomePage :88 - Click on link[[ChromeDriver: chrome on WINDOWS (b300eba70be815fb11e7bab6d46756c9)] -> xpath: //button[@id='toggle-hp-search']]
2023-05-18 01:05:235 INFO  HomePage :93 - Enter minimum salary[[ChromeDriver: chrome on WINDOWS (b300eba70be815fb11e7bab6d46756c9)] -> xpath: //input[@id='salarymin']]
2023-05-18 01:05:948 INFO  HomePage :99 - Enter maximum salary[[ChromeDriver: chrome on WINDOWS (b300eba70be815fb11e7bab6d46756c9)] -> xpath: //input[@id='salarymax']]
2023-05-18 01:05:711 INFO  HomePage :105 - Select salary type[[ChromeDriver: chrome on WINDOWS (b300eba70be815fb11e7bab6d46756c9)] -> xpath: //select[@id='salarytype']]
2023-05-18 01:05:104 INFO  HomePage :111 - Select job type[[ChromeDriver: chrome on WINDOWS (b300eba70be815fb11e7bab6d46756c9)] -> xpath: //select[@class='hp-jobtype form__select']]
2023-05-18 01:05:427 INFO  HomePage :116 - Click on Find job btn[[ChromeDriver: chrome on WINDOWS (b300eba70be815fb11e7bab6d46756c9)] -> xpath: //input[@id='hp-search-btn']]
2023-05-18 01:05:772 INFO  HomePage :72 - Enter job title [[ChromeDriver: chrome on WINDOWS (c175d0436bd88917f94759ebd9ee7699)] -> id: keywords]
2023-05-18 01:05:32 INFO  HomePage :77 - Enter location [[ChromeDriver: chrome on WINDOWS (c175d0436bd88917f94759ebd9ee7699)] -> id: location]
2023-05-18 01:05:325 INFO  HomePage :83 - Select distance [[ChromeDriver: chrome on WINDOWS (c175d0436bd88917f94759ebd9ee7699)] -> xpath: //select[@id='distance']]
2023-05-18 01:05:500 INFO  HomePage :88 - Click on link[[ChromeDriver: chrome on WINDOWS (c175d0436bd88917f94759ebd9ee7699)] -> xpath: //button[@id='toggle-hp-search']]
2023-05-18 01:05:66 INFO  HomePage :93 - Enter minimum salary[[ChromeDriver: chrome on WINDOWS (c175d0436bd88917f94759ebd9ee7699)] -> xpath: //input[@id='salarymin']]
2023-05-18 01:05:406 INFO  HomePage :99 - Enter maximum salary[[ChromeDriver: chrome on WINDOWS (c175d0436bd88917f94759ebd9ee7699)] -> xpath: //input[@id='salarymax']]
2023-05-18 01:05:617 INFO  HomePage :105 - Select salary type[[ChromeDriver: chrome on WINDOWS (c175d0436bd88917f94759ebd9ee7699)] -> xpath: //select[@id='salarytype']]
2023-05-18 01:05:840 INFO  HomePage :111 - Select job type[[ChromeDriver: chrome on WINDOWS (c175d0436bd88917f94759ebd9ee7699)] -> xpath: //select[@class='hp-jobtype form__select']]
2023-05-18 01:05:75 INFO  HomePage :116 - Click on Find job btn[[ChromeDriver: chrome on WINDOWS (c175d0436bd88917f94759ebd9ee7699)] -> xpath: //input[@id='hp-search-btn']]
2023-05-18 02:05:211 INFO  HomePage :72 - Enter job title [[ChromeDriver: chrome on WINDOWS (fb8999fb0fcb29a313518723d323e2cc)] -> id: keywords]
2023-05-18 02:05:791 INFO  HomePage :77 - Enter location [[ChromeDriver: chrome on WINDOWS (fb8999fb0fcb29a313518723d323e2cc)] -> id: location]
2023-05-18 02:05:69 INFO  HomePage :83 - Select distance [[ChromeDriver: chrome on WINDOWS (fb8999fb0fcb29a313518723d323e2cc)] -> xpath: //select[@id='distance']]
2023-05-18 02:05:253 INFO  HomePage :88 - Click on link[[ChromeDriver: chrome on WINDOWS (fb8999fb0fcb29a313518723d323e2cc)] -> xpath: //button[@id='toggle-hp-search']]
2023-05-18 02:05:628 INFO  HomePage :93 - Enter minimum salary[[ChromeDriver: chrome on WINDOWS (fb8999fb0fcb29a313518723d323e2cc)] -> xpath: //input[@id='salarymin']]
2023-05-18 02:05:764 INFO  HomePage :99 - Enter maximum salary[[ChromeDriver: chrome on WINDOWS (fb8999fb0fcb29a313518723d323e2cc)] -> xpath: //input[@id='salarymax']]
2023-05-18 02:05:933 INFO  HomePage :105 - Select salary type[[ChromeDriver: chrome on WINDOWS (fb8999fb0fcb29a313518723d323e2cc)] -> xpath: //select[@id='salarytype']]
2023-05-18 02:05:92 INFO  HomePage :111 - Select job type[[ChromeDriver: chrome on WINDOWS (fb8999fb0fcb29a313518723d323e2cc)] -> xpath: //select[@class='hp-jobtype form__select']]
2023-05-18 02:05:312 INFO  HomePage :116 - Click on Find job btn[[ChromeDriver: chrome on WINDOWS (fb8999fb0fcb29a313518723d323e2cc)] -> xpath: //input[@id='hp-search-btn']]
2023-05-18 02:05:236 INFO  HomePage :72 - Enter job title [[ChromeDriver: chrome on WINDOWS (31758836cdb6e7216e3ff3332283b885)] -> id: keywords]
2023-05-18 02:05:801 INFO  HomePage :77 - Enter location [[ChromeDriver: chrome on WINDOWS (31758836cdb6e7216e3ff3332283b885)] -> id: location]
2023-05-18 02:05:50 INFO  HomePage :83 - Select distance [[ChromeDriver: chrome on WINDOWS (31758836cdb6e7216e3ff3332283b885)] -> xpath: //select[@id='distance']]
2023-05-18 02:05:205 INFO  HomePage :88 - Click on link[[ChromeDriver: chrome on WINDOWS (31758836cdb6e7216e3ff3332283b885)] -> xpath: //button[@id='toggle-hp-search']]
2023-05-18 02:05:610 INFO  HomePage :93 - Enter minimum salary[[ChromeDriver: chrome on WINDOWS (31758836cdb6e7216e3ff3332283b885)] -> xpath: //input[@id='salarymin']]
2023-05-18 02:05:784 INFO  HomePage :99 - Enter maximum salary[[ChromeDriver: chrome on WINDOWS (31758836cdb6e7216e3ff3332283b885)] -> xpath: //input[@id='salarymax']]
2023-05-18 02:05:991 INFO  HomePage :105 - Select salary type[[ChromeDriver: chrome on WINDOWS (31758836cdb6e7216e3ff3332283b885)] -> xpath: //select[@id='salarytype']]
2023-05-18 02:05:200 INFO  HomePage :111 - Select job type[[ChromeDriver: chrome on WINDOWS (31758836cdb6e7216e3ff3332283b885)] -> xpath: //select[@class='hp-jobtype form__select']]
2023-05-18 02:05:429 INFO  HomePage :116 - Click on Find job btn[[ChromeDriver: chrome on WINDOWS (31758836cdb6e7216e3ff3332283b885)] -> xpath: //input[@id='hp-search-btn']]
2023-05-18 02:05:951 INFO  HomePage :72 - Enter job title [[ChromeDriver: chrome on WINDOWS (4f123c4cadd11fcc5653cf1db7b3361f)] -> id: keywords]
2023-05-18 02:05:139 INFO  HomePage :77 - Enter location [[ChromeDriver: chrome on WINDOWS (4f123c4cadd11fcc5653cf1db7b3361f)] -> id: location]
2023-05-18 02:05:318 INFO  HomePage :83 - Select distance [[ChromeDriver: chrome on WINDOWS (4f123c4cadd11fcc5653cf1db7b3361f)] -> xpath: //select[@id='distance']]
2023-05-18 02:05:676 INFO  HomePage :88 - Click on link[[ChromeDriver: chrome on WINDOWS (4f123c4cadd11fcc5653cf1db7b3361f)] -> xpath: //button[@id='toggle-hp-search']]
2023-05-18 02:05:947 INFO  HomePage :93 - Enter minimum salary[[ChromeDriver: chrome on WINDOWS (4f123c4cadd11fcc5653cf1db7b3361f)] -> xpath: //input[@id='salarymin']]
2023-05-18 02:05:60 INFO  HomePage :99 - Enter maximum salary[[ChromeDriver: chrome on WINDOWS (4f123c4cadd11fcc5653cf1db7b3361f)] -> xpath: //input[@id='salarymax']]
2023-05-18 02:05:183 INFO  HomePage :105 - Select salary type[[ChromeDriver: chrome on WINDOWS (4f123c4cadd11fcc5653cf1db7b3361f)] -> xpath: //select[@id='salarytype']]
2023-05-18 02:05:318 INFO  HomePage :111 - Select job type[[ChromeDriver: chrome on WINDOWS (4f123c4cadd11fcc5653cf1db7b3361f)] -> xpath: //select[@class='hp-jobtype form__select']]
2023-05-18 02:05:459 INFO  HomePage :116 - Click on Find job btn[[ChromeDriver: chrome on WINDOWS (4f123c4cadd11fcc5653cf1db7b3361f)] -> xpath: //input[@id='hp-search-btn']]
2023-05-19 18:05:303 INFO  HomePage :72 - Enter job title [[ChromeDriver: chrome on WINDOWS (3a2113f38bebdd473d0ba59097722454)] -> id: keywords]
2023-05-19 18:05:516 INFO  HomePage :77 - Enter location [[ChromeDriver: chrome on WINDOWS (3a2113f38bebdd473d0ba59097722454)] -> id: location]
2023-05-19 18:05:855 INFO  HomePage :83 - Select distance [[ChromeDriver: chrome on WINDOWS (3a2113f38bebdd473d0ba59097722454)] -> xpath: //select[@id='distance']]
2023-05-19 18:05:34 INFO  HomePage :88 - Click on link[[ChromeDriver: chrome on WINDOWS (3a2113f38bebdd473d0ba59097722454)] -> xpath: //button[@id='toggle-hp-search']]
2023-05-19 18:05:379 INFO  HomePage :93 - Enter minimum salary[[ChromeDriver: chrome on WINDOWS (3a2113f38bebdd473d0ba59097722454)] -> xpath: //input[@id='salarymin']]
2023-05-19 18:05:523 INFO  HomePage :99 - Enter maximum salary[[ChromeDriver: chrome on WINDOWS (3a2113f38bebdd473d0ba59097722454)] -> xpath: //input[@id='salarymax']]
2023-05-19 18:05:714 INFO  HomePage :105 - Select salary type[[ChromeDriver: chrome on WINDOWS (3a2113f38bebdd473d0ba59097722454)] -> xpath: //select[@id='salarytype']]
2023-05-19 18:05:902 INFO  HomePage :111 - Select job type[[ChromeDriver: chrome on WINDOWS (3a2113f38bebdd473d0ba59097722454)] -> xpath: //select[@class='hp-jobtype form__select']]
2023-05-19 18:05:108 INFO  HomePage :116 - Click on Find job btn[[ChromeDriver: chrome on WINDOWS (3a2113f38bebdd473d0ba59097722454)] -> xpath: //input[@id='hp-search-btn']]
2023-05-19 18:05:882 INFO  ResultPage :27 - Verify the result[[ChromeDriver: chrome on WINDOWS (3a2113f38bebdd473d0ba59097722454)] -> xpath: //h1[@class='search-header__title']]
2023-05-19 18:05:299 INFO  HomePage :72 - Enter job title [[ChromeDriver: chrome on WINDOWS (4a72f5c31d1e1e4395df34c3516b1c1a)] -> id: keywords]
2023-05-19 18:05:492 INFO  HomePage :77 - Enter location [[ChromeDriver: chrome on WINDOWS (4a72f5c31d1e1e4395df34c3516b1c1a)] -> id: location]
2023-05-19 18:05:935 INFO  HomePage :83 - Select distance [[ChromeDriver: chrome on WINDOWS (4a72f5c31d1e1e4395df34c3516b1c1a)] -> xpath: //select[@id='distance']]
2023-05-19 18:05:91 INFO  HomePage :88 - Click on link[[ChromeDriver: chrome on WINDOWS (4a72f5c31d1e1e4395df34c3516b1c1a)] -> xpath: //button[@id='toggle-hp-search']]
2023-05-19 18:05:443 INFO  HomePage :93 - Enter minimum salary[[ChromeDriver: chrome on WINDOWS (4a72f5c31d1e1e4395df34c3516b1c1a)] -> xpath: //input[@id='salarymin']]
2023-05-19 18:05:572 INFO  HomePage :99 - Enter maximum salary[[ChromeDriver: chrome on WINDOWS (4a72f5c31d1e1e4395df34c3516b1c1a)] -> xpath: //input[@id='salarymax']]
2023-05-19 18:05:747 INFO  HomePage :105 - Select salary type[[ChromeDriver: chrome on WINDOWS (4a72f5c31d1e1e4395df34c3516b1c1a)] -> xpath: //select[@id='salarytype']]
2023-05-19 18:05:913 INFO  HomePage :111 - Select job type[[ChromeDriver: chrome on WINDOWS (4a72f5c31d1e1e4395df34c3516b1c1a)] -> xpath: //select[@class='hp-jobtype form__select']]
2023-05-19 18:05:127 INFO  HomePage :116 - Click on Find job btn[[ChromeDriver: chrome on WINDOWS (4a72f5c31d1e1e4395df34c3516b1c1a)] -> xpath: //input[@id='hp-search-btn']]
2023-05-19 18:05:839 INFO  ResultPage :27 - Verify the result[[ChromeDriver: chrome on WINDOWS (4a72f5c31d1e1e4395df34c3516b1c1a)] -> xpath: //h1[@class='search-header__title']]
2023-05-19 18:05:758 INFO  HomePage :72 - Enter job title [[ChromeDriver: chrome on WINDOWS (370bfec230fcaf9b0ef76c1d58433299)] -> id: keywords]
2023-05-19 18:05:995 INFO  HomePage :77 - Enter location [[ChromeDriver: chrome on WINDOWS (370bfec230fcaf9b0ef76c1d58433299)] -> id: location]
2023-05-19 18:05:390 INFO  HomePage :83 - Select distance [[ChromeDriver: chrome on WINDOWS (370bfec230fcaf9b0ef76c1d58433299)] -> xpath: //select[@id='distance']]
2023-05-19 18:05:620 INFO  HomePage :88 - Click on link[[ChromeDriver: chrome on WINDOWS (370bfec230fcaf9b0ef76c1d58433299)] -> xpath: //button[@id='toggle-hp-search']]
2023-05-19 18:05:111 INFO  HomePage :93 - Enter minimum salary[[ChromeDriver: chrome on WINDOWS (370bfec230fcaf9b0ef76c1d58433299)] -> xpath: //input[@id='salarymin']]
2023-05-19 18:05:266 INFO  HomePage :99 - Enter maximum salary[[ChromeDriver: chrome on WINDOWS (370bfec230fcaf9b0ef76c1d58433299)] -> xpath: //input[@id='salarymax']]
2023-05-19 18:05:438 INFO  HomePage :105 - Select salary type[[ChromeDriver: chrome on WINDOWS (370bfec230fcaf9b0ef76c1d58433299)] -> xpath: //select[@id='salarytype']]
2023-05-19 18:05:646 INFO  HomePage :111 - Select job type[[ChromeDriver: chrome on WINDOWS (370bfec230fcaf9b0ef76c1d58433299)] -> xpath: //select[@class='hp-jobtype form__select']]
2023-05-19 18:05:941 INFO  HomePage :116 - Click on Find job btn[[ChromeDriver: chrome on WINDOWS (370bfec230fcaf9b0ef76c1d58433299)] -> xpath: //input[@id='hp-search-btn']]
2023-05-19 18:05:466 INFO  ResultPage :27 - Verify the result[[ChromeDriver: chrome on WINDOWS (370bfec230fcaf9b0ef76c1d58433299)] -> xpath: //h1[@class='search-header__title']]
2023-05-19 18:05:126 INFO  HomePage :72 - Enter job title [[ChromeDriver: chrome on WINDOWS (852f2574672e1ca5c38abf3d218546c5)] -> id: keywords]
2023-05-19 18:05:309 INFO  HomePage :77 - Enter location [[ChromeDriver: chrome on WINDOWS (852f2574672e1ca5c38abf3d218546c5)] -> id: location]
2023-05-19 18:05:537 INFO  HomePage :83 - Select distance [[ChromeDriver: chrome on WINDOWS (852f2574672e1ca5c38abf3d218546c5)] -> xpath: //select[@id='distance']]
2023-05-19 18:05:715 INFO  HomePage :88 - Click on link[[ChromeDriver: chrome on WINDOWS (852f2574672e1ca5c38abf3d218546c5)] -> xpath: //button[@id='toggle-hp-search']]
2023-05-19 18:05:131 INFO  HomePage :93 - Enter minimum salary[[ChromeDriver: chrome on WINDOWS (852f2574672e1ca5c38abf3d218546c5)] -> xpath: //input[@id='salarymin']]
2023-05-19 18:05:276 INFO  HomePage :99 - Enter maximum salary[[ChromeDriver: chrome on WINDOWS (852f2574672e1ca5c38abf3d218546c5)] -> xpath: //input[@id='salarymax']]
2023-05-19 18:05:441 INFO  HomePage :105 - Select salary type[[ChromeDriver: chrome on WINDOWS (852f2574672e1ca5c38abf3d218546c5)] -> xpath: //select[@id='salarytype']]
2023-05-19 18:05:628 INFO  HomePage :111 - Select job type[[ChromeDriver: chrome on WINDOWS (852f2574672e1ca5c38abf3d218546c5)] -> xpath: //select[@class='hp-jobtype form__select']]
2023-05-19 18:05:839 INFO  HomePage :116 - Click on Find job btn[[ChromeDriver: chrome on WINDOWS (852f2574672e1ca5c38abf3d218546c5)] -> xpath: //input[@id='hp-search-btn']]
2023-05-19 18:05:812 INFO  ResultPage :27 - Verify the result[[ChromeDriver: chrome on WINDOWS (852f2574672e1ca5c38abf3d218546c5)] -> xpath: //h1[@class='search-header__title']]
2023-05-19 18:05:123 INFO  HomePage :72 - Enter job title [[ChromeDriver: chrome on WINDOWS (71b0c25c4bf1c79eea0324f50cdf9a23)] -> id: keywords]
2023-05-19 18:05:500 INFO  HomePage :77 - Enter location [[ChromeDriver: chrome on WINDOWS (71b0c25c4bf1c79eea0324f50cdf9a23)] -> id: location]
2023-05-19 18:05:606 INFO  HomePage :83 - Select distance [[ChromeDriver: chrome on WINDOWS (71b0c25c4bf1c79eea0324f50cdf9a23)] -> xpath: //select[@id='distance']]
2023-05-19 18:05:766 INFO  HomePage :88 - Click on link[[ChromeDriver: chrome on WINDOWS (71b0c25c4bf1c79eea0324f50cdf9a23)] -> xpath: //button[@id='toggle-hp-search']]
2023-05-19 18:05:76 INFO  HomePage :93 - Enter minimum salary[[ChromeDriver: chrome on WINDOWS (71b0c25c4bf1c79eea0324f50cdf9a23)] -> xpath: //input[@id='salarymin']]
2023-05-19 18:05:213 INFO  HomePage :99 - Enter maximum salary[[ChromeDriver: chrome on WINDOWS (71b0c25c4bf1c79eea0324f50cdf9a23)] -> xpath: //input[@id='salarymax']]
2023-05-19 18:05:371 INFO  HomePage :105 - Select salary type[[ChromeDriver: chrome on WINDOWS (71b0c25c4bf1c79eea0324f50cdf9a23)] -> xpath: //select[@id='salarytype']]
2023-05-19 18:05:509 INFO  HomePage :111 - Select job type[[ChromeDriver: chrome on WINDOWS (71b0c25c4bf1c79eea0324f50cdf9a23)] -> xpath: //select[@class='hp-jobtype form__select']]
2023-05-19 18:05:688 INFO  HomePage :116 - Click on Find job btn[[ChromeDriver: chrome on WINDOWS (71b0c25c4bf1c79eea0324f50cdf9a23)] -> xpath: //input[@id='hp-search-btn']]
2023-05-19 18:05:841 INFO  ResultPage :27 - Verify the result[[ChromeDriver: chrome on WINDOWS (71b0c25c4bf1c79eea0324f50cdf9a23)] -> xpath: //h1[@class='search-header__title']]
2023-05-19 18:05:224 INFO  HomePage :72 - Enter job title [[ChromeDriver: chrome on WINDOWS (03dd0d5de603cff11fe050a44a30f28d)] -> id: keywords]
2023-05-19 18:05:522 INFO  HomePage :77 - Enter location [[ChromeDriver: chrome on WINDOWS (03dd0d5de603cff11fe050a44a30f28d)] -> id: location]
2023-05-19 18:05:705 INFO  HomePage :83 - Select distance [[ChromeDriver: chrome on WINDOWS (03dd0d5de603cff11fe050a44a30f28d)] -> xpath: //select[@id='distance']]
2023-05-19 18:05:857 INFO  HomePage :88 - Click on link[[ChromeDriver: chrome on WINDOWS (03dd0d5de603cff11fe050a44a30f28d)] -> xpath: //button[@id='toggle-hp-search']]
2023-05-19 18:05:269 INFO  HomePage :93 - Enter minimum salary[[ChromeDriver: chrome on WINDOWS (03dd0d5de603cff11fe050a44a30f28d)] -> xpath: //input[@id='salarymin']]
2023-05-19 18:05:402 INFO  HomePage :99 - Enter maximum salary[[ChromeDriver: chrome on WINDOWS (03dd0d5de603cff11fe050a44a30f28d)] -> xpath: //input[@id='salarymax']]
2023-05-19 18:05:538 INFO  HomePage :105 - Select salary type[[ChromeDriver: chrome on WINDOWS (03dd0d5de603cff11fe050a44a30f28d)] -> xpath: //select[@id='salarytype']]
2023-05-19 18:05:673 INFO  HomePage :111 - Select job type[[ChromeDriver: chrome on WINDOWS (03dd0d5de603cff11fe050a44a30f28d)] -> xpath: //select[@class='hp-jobtype form__select']]
2023-05-19 18:05:858 INFO  HomePage :116 - Click on Find job btn[[ChromeDriver: chrome on WINDOWS (03dd0d5de603cff11fe050a44a30f28d)] -> xpath: //input[@id='hp-search-btn']]
